[19-Aug-23 06:49:39 - INFO] - initialising - Connected To DB Successfully !!!
[19-Aug-23 06:49:39 - INFO] - initialising - Connecting The Bot !!!
[19-Aug-23 06:49:39 - INFO] - initialising - Connected Successfully As - Pro UB (Pro_Ub_Bot) !!!
[19-Aug-23 06:49:39 - INFO] - initialising - Starting To Load Modules !!!
[19-Aug-23 06:52:28 - INFO] - initialising - Connected To DB Successfully !!!
[19-Aug-23 06:52:28 - INFO] - initialising - Connecting The Bot !!!
[19-Aug-23 06:52:28 - INFO] - initialising - Connected Successfully As - Pro UB (Pro_Ub_Bot) !!!
[19-Aug-23 06:52:28 - INFO] - initialising - Starting To Load Modules !!!
[19-Aug-23 06:53:43 - INFO] - initialising - Connected To DB Successfully !!!
[19-Aug-23 06:53:43 - INFO] - initialising - Connecting The Bot !!!
[19-Aug-23 06:53:43 - INFO] - initialising - Connected Successfully As - Pro UB (Pro_Ub_Bot) !!!
[19-Aug-23 06:53:43 - INFO] - initialising - Starting To Load Modules !!!
[19-Aug-23 06:54:07 - INFO] - initialising - Connected To DB Successfully !!!
[19-Aug-23 06:54:07 - INFO] - initialising - Connecting The Bot !!!
[19-Aug-23 06:54:07 - INFO] - initialising - Connected Successfully As - Pro UB (Pro_Ub_Bot) !!!
[19-Aug-23 06:54:07 - INFO] - initialising - Starting To Load Modules !!!
[19-Aug-23 06:54:28 - INFO] - initialising - Connected To DB Successfully !!!
[19-Aug-23 06:54:28 - INFO] - initialising - Connecting The Bot !!!
[19-Aug-23 06:54:28 - INFO] - initialising - Connected Successfully As - Pro UB (Pro_Ub_Bot) !!!
[19-Aug-23 06:54:28 - INFO] - initialising - Starting To Load Modules !!!
[19-Aug-23 06:55:00 - INFO] - initialising - Connected To DB Successfully !!!
[19-Aug-23 06:55:00 - INFO] - initialising - Connecting The Bot !!!
[19-Aug-23 06:55:00 - INFO] - initialising - Connected Successfully As - Pro UB (Pro_Ub_Bot) !!!
[19-Aug-23 06:55:00 - INFO] - initialising - Starting To Load Modules !!!
[19-Aug-23 06:55:20 - INFO] - initialising - Connected To DB Successfully !!!
[19-Aug-23 06:55:20 - INFO] - initialising - Connecting The Bot !!!
[19-Aug-23 06:55:20 - INFO] - initialising - Connected Successfully As - Pro UB (Pro_Ub_Bot) !!!
[19-Aug-23 06:55:20 - INFO] - initialising - Starting To Load Modules !!!
[19-Aug-23 06:55:42 - INFO] - initialising - Connected To DB Successfully !!!
[19-Aug-23 06:55:42 - INFO] - initialising - Connecting The Bot !!!
[19-Aug-23 06:55:42 - INFO] - initialising - Connected Successfully As - Pro UB (Pro_Ub_Bot) !!!
[19-Aug-23 06:55:42 - INFO] - initialising - Starting To Load Modules !!!
[19-Aug-23 06:56:35 - INFO] - initialising - Connected To DB Successfully !!!
[19-Aug-23 06:56:35 - INFO] - initialising - Connecting The Bot !!!
[19-Aug-23 06:56:35 - INFO] - initialising - Connected Successfully As - Pro UB (Pro_Ub_Bot) !!!
[19-Aug-23 06:56:35 - INFO] - initialising - Starting To Load Modules !!!
[19-Aug-23 06:57:23 - INFO] - initialising - Connected To DB Successfully !!!
[19-Aug-23 06:57:23 - INFO] - initialising - Connecting The Bot !!!
[19-Aug-23 06:57:23 - INFO] - initialising - Connected Successfully As - Pro UB (Pro_Ub_Bot) !!!
[19-Aug-23 06:57:23 - INFO] - initialising - Starting To Load Modules !!!
[19-Aug-23 06:59:35 - INFO] - initialising - Connected To DB Successfully !!!
[19-Aug-23 06:59:35 - INFO] - initialising - Connecting The Bot !!!
[19-Aug-23 06:59:35 - INFO] - initialising - Connected Successfully As - Pro UB (Pro_Ub_Bot) !!!
[19-Aug-23 06:59:35 - INFO] - initialising - Starting To Load Modules !!!
[19-Aug-23 06:59:35 - INFO] - initialising - Loading From Plugins Path !!!
[19-Aug-23 06:59:35 - INFO] - initialising - • Loaded bot
[19-Aug-23 06:59:52 - INFO] - initialising - Connected To DB Successfully !!!
[19-Aug-23 06:59:52 - INFO] - initialising - Connecting The Bot !!!
[19-Aug-23 06:59:52 - INFO] - initialising - Connected Successfully As - Pro UB (Pro_Ub_Bot) !!!
[19-Aug-23 06:59:52 - INFO] - initialising - Starting To Load Modules !!!
[19-Aug-23 06:59:52 - INFO] - initialising - Loading From Plugins Path !!!
[19-Aug-23 06:59:52 - INFO] - initialising - • Loaded Plugin - bot
[19-Aug-23 07:01:10 - INFO] - initialising - Connected To DB Successfully !!!
[19-Aug-23 07:01:10 - INFO] - initialising - Connecting The Bot !!!
[19-Aug-23 07:01:10 - INFO] - initialising - Connected Successfully As - Pro UB (Pro_Ub_Bot) !!!
[19-Aug-23 07:01:10 - INFO] - initialising - ————————————————————————————————————————————————————————————————————————————————
[19-Aug-23 07:01:10 - INFO] - initialising - Starting To Load Modules !!!
[19-Aug-23 07:01:10 - INFO] - initialising - Loading From Plugins Path !!!
[19-Aug-23 07:01:10 - INFO] - initialising - • Loaded Plugin - bot
[19-Aug-23 07:01:10 - INFO] - initialising - ————————————————————————————————————————————————————————————————————————————————
[19-Aug-23 07:02:09 - INFO] - initialising - Connected To DB Successfully !!!
[19-Aug-23 07:02:09 - INFO] - initialising - Connecting The Bot !!!
[19-Aug-23 07:02:10 - INFO] - initialising - Connected Successfully As - Pro UB (Pro_Ub_Bot) !!!
[19-Aug-23 07:02:10 - INFO] - initialising - ————————————————————————————————————————————————————————————————————————————————
[19-Aug-23 07:02:10 - INFO] - initialising - Starting To Load Modules !!!
[19-Aug-23 07:02:10 - INFO] - initialising - Loading From Plugins Path !!!
[19-Aug-23 07:02:10 - INFO] - initialising - • Loaded Plugin - bot
[19-Aug-23 07:02:10 - INFO] - initialising - ————————————————————————————————————————————————————————————————————————————————
[19-Aug-23 07:06:50 - INFO] - initialising - Connected To DB Successfully !!!
[19-Aug-23 07:06:50 - INFO] - initialising - Connecting The Bot !!!
[19-Aug-23 07:06:50 - INFO] - initialising - Connected Successfully As - Pro UB (Pro_Ub_Bot) !!!
[19-Aug-23 07:06:50 - INFO] - initialising - ————————————————————————————————————————————————————————————————————————————————
[19-Aug-23 07:06:50 - INFO] - initialising - Starting To Load Modules !!!
[19-Aug-23 07:06:50 - INFO] - initialising - Loading From Plugins Path !!!
[19-Aug-23 07:06:50 - INFO] - initialising - • Loaded Plugin - bot !!!
[19-Aug-23 07:06:50 - INFO] - initialising - ————————————————————————————————————————————————————————————————————————————————
[19-Aug-23 07:11:39 - INFO] - initialising - Connected To DB Successfully !!!
[19-Aug-23 07:11:39 - INFO] - initialising - Connecting The Bot !!!
[19-Aug-23 07:11:39 - INFO] - initialising - Connected Successfully As - Pro UB (Pro_Ub_Bot) !!!
[19-Aug-23 07:11:39 - INFO] - initialising - ————————————————————————————————————————————————————————————————————————————————
[19-Aug-23 07:11:39 - INFO] - initialising - Starting To Load Modules !!!
[19-Aug-23 07:11:39 - INFO] - initialising - Loading From Plugins Path !!!
[19-Aug-23 07:11:39 - INFO] - initialising - • Loaded Plugin - bot !!!
[19-Aug-23 07:11:39 - INFO] - initialising - ————————————————————————————————————————————————————————————————————————————————
[19-Aug-23 07:11:39 - INFO] - initialising - Loading From PLUGIN CHANNEL !!!
[19-Aug-23 07:13:04 - INFO] - initialising - Connected To DB Successfully !!!
[19-Aug-23 07:13:04 - INFO] - initialising - Connecting The Bot !!!
[19-Aug-23 07:13:04 - INFO] - initialising - Connected Successfully As - Pro UB (Pro_Ub_Bot) !!!
[19-Aug-23 07:13:04 - INFO] - initialising - ————————————————————————————————————————————————————————————————————————————————
[19-Aug-23 07:13:04 - INFO] - initialising - Starting To Load Modules !!!
[19-Aug-23 07:13:04 - INFO] - initialising - Loading From Plugins Path !!!
[19-Aug-23 07:13:04 - INFO] - initialising - • Loaded Plugin - bot !!!
[19-Aug-23 07:13:04 - INFO] - initialising - ————————————————————————————————————————————————————————————————————————————————
[19-Aug-23 07:22:37 - INFO] - initialising - Connected To DB Successfully !!!
[19-Aug-23 07:22:37 - INFO] - initialising - Connecting The Bot !!!
[19-Aug-23 07:22:37 - INFO] - initialising - Connected Successfully As - Pro UB (Pro_Ub_Bot) !!!
[19-Aug-23 07:22:37 - INFO] - initialising - ————————————————————————————————————————————————————————————————————————————————
[19-Aug-23 07:22:37 - INFO] - initialising - Starting To Load Modules !!!
[19-Aug-23 07:22:37 - INFO] - initialising - Loading From Plugins Path !!!
[19-Aug-23 07:22:37 - INFO] - initialising - • Loaded Plugin - bot !!!
[19-Aug-23 07:22:37 - INFO] - initialising - ————————————————————————————————————————————————————————————————————————————————
[19-Aug-23 07:22:37 - INFO] - initialising - Loading From PLUGIN CHANNEL !!!
[19-Aug-23 07:23:17 - INFO] - initialising - Connected To DB Successfully !!!
[19-Aug-23 07:23:17 - INFO] - initialising - Connecting The Bot !!!
[19-Aug-23 07:23:17 - INFO] - initialising - Connected Successfully As - Pro UB (Pro_Ub_Bot) !!!
[19-Aug-23 07:23:17 - INFO] - initialising - ————————————————————————————————————————————————————————————————————————————————
[19-Aug-23 07:23:17 - INFO] - initialising - Starting To Load Modules !!!
[19-Aug-23 07:23:17 - INFO] - initialising - Loading From Plugins Path !!!
[19-Aug-23 07:23:17 - INFO] - initialising - • Loaded Plugin - bot !!!
[19-Aug-23 07:23:17 - INFO] - initialising - ————————————————————————————————————————————————————————————————————————————————
[19-Aug-23 07:24:11 - INFO] - initialising - Connected To DB Successfully !!!
[19-Aug-23 07:24:11 - INFO] - initialising - Connecting The Bot !!!
[19-Aug-23 07:24:11 - INFO] - initialising - Connected Successfully As - Pro UB (Pro_Ub_Bot) !!!
[19-Aug-23 07:24:11 - INFO] - initialising - ————————————————————————————————————————————————————————————————————————————————
[19-Aug-23 07:24:11 - INFO] - initialising - Starting To Load Modules !!!
[19-Aug-23 07:24:11 - INFO] - initialising - Loading From Plugins Path !!!
[19-Aug-23 07:24:11 - INFO] - initialising - • Loaded Plugin - bot !!!
[19-Aug-23 07:24:11 - INFO] - initialising - ————————————————————————————————————————————————————————————————————————————————
[19-Aug-23 07:24:34 - INFO] - initialising - Connected To DB Successfully !!!
[19-Aug-23 07:24:34 - INFO] - initialising - Connecting The Bot !!!
[19-Aug-23 07:24:34 - INFO] - initialising - Connected Successfully As - Pro UB (Pro_Ub_Bot) !!!
[19-Aug-23 07:24:34 - INFO] - initialising - ————————————————————————————————————————————————————————————————————————————————
[19-Aug-23 07:24:34 - INFO] - initialising - Starting To Load Modules !!!
[19-Aug-23 07:24:34 - INFO] - initialising - Loading From Plugins Path !!!
[19-Aug-23 07:24:34 - INFO] - initialising - • Loaded Plugin - bot !!!
[19-Aug-23 07:24:34 - INFO] - initialising - ————————————————————————————————————————————————————————————————————————————————
[19-Aug-23 07:24:34 - INFO] - initialising - Loading From PLUGIN CHANNEL !!!
[19-Aug-23 07:24:42 - INFO] - initialising - Connected To DB Successfully !!!
[19-Aug-23 07:24:42 - INFO] - initialising - Connecting The Bot !!!
[19-Aug-23 07:24:42 - INFO] - initialising - Connected Successfully As - Pro UB (Pro_Ub_Bot) !!!
[19-Aug-23 07:24:42 - INFO] - initialising - ————————————————————————————————————————————————————————————————————————————————
[19-Aug-23 07:24:42 - INFO] - initialising - Starting To Load Modules !!!
[19-Aug-23 07:24:42 - INFO] - initialising - Loading From Plugins Path !!!
[19-Aug-23 07:24:42 - INFO] - initialising - • Loaded Plugin - bot !!!
[19-Aug-23 07:24:42 - INFO] - initialising - ————————————————————————————————————————————————————————————————————————————————
[19-Aug-23 07:26:10 - INFO] - initialising - Connected To DB Successfully !!!
[19-Aug-23 07:26:10 - INFO] - initialising - Connecting The Bot !!!
[19-Aug-23 07:26:10 - INFO] - initialising - Connected Successfully As - Pro UB (Pro_Ub_Bot) !!!
[19-Aug-23 07:26:10 - INFO] - initialising - ————————————————————————————————————————————————————————————————————————————————
[19-Aug-23 07:26:10 - INFO] - initialising - Starting To Load Modules !!!
[19-Aug-23 07:26:10 - INFO] - initialising - Loading From Plugins Path !!!
[19-Aug-23 07:26:10 - INFO] - initialising - • Loaded Plugin - bot !!!
[19-Aug-23 07:26:10 - INFO] - initialising - ————————————————————————————————————————————————————————————————————————————————
[19-Aug-23 07:30:12 - INFO] - initialising - Connected To DB Successfully !!!
[19-Aug-23 07:30:12 - INFO] - initialising - Connecting The Bot !!!
[19-Aug-23 07:30:12 - INFO] - initialising - Connected Successfully As - Pro UB (Pro_Ub_Bot) !!!
[19-Aug-23 07:30:12 - INFO] - initialising - ————————————————————————————————————————————————————————————————————————————————
[19-Aug-23 07:30:12 - INFO] - initialising - Starting To Load Modules !!!
[19-Aug-23 07:30:12 - INFO] - initialising - Loading From Plugins Path !!!
[19-Aug-23 07:30:12 - INFO] - initialising - • Loaded Plugin - bot !!!
[19-Aug-23 07:30:12 - INFO] - initialising - ————————————————————————————————————————————————————————————————————————————————
[19-Aug-23 07:30:38 - INFO] - initialising - Connected To DB Successfully !!!
[19-Aug-23 07:30:38 - INFO] - initialising - Connecting The Bot !!!
[19-Aug-23 07:30:38 - INFO] - initialising - Connected Successfully As - Pro UB (Pro_Ub_Bot) !!!
[19-Aug-23 07:30:38 - INFO] - initialising - ————————————————————————————————————————————————————————————————————————————————
[19-Aug-23 07:30:38 - INFO] - initialising - Starting To Load Modules !!!
[19-Aug-23 07:30:38 - INFO] - initialising - Loading From Plugins Path !!!
[19-Aug-23 07:30:38 - INFO] - initialising - • Loaded Plugin - bot !!!
[19-Aug-23 07:30:38 - INFO] - initialising - ————————————————————————————————————————————————————————————————————————————————
[19-Aug-23 07:30:38 - INFO] - initialising - Loading From PLUGIN CHANNEL !!!
[19-Aug-23 07:30:45 - INFO] - initialising - Connected To DB Successfully !!!
[19-Aug-23 07:30:45 - INFO] - initialising - Connecting The Bot !!!
[19-Aug-23 07:30:45 - INFO] - initialising - Connected Successfully As - Pro UB (Pro_Ub_Bot) !!!
[19-Aug-23 07:30:45 - INFO] - initialising - ————————————————————————————————————————————————————————————————————————————————
[19-Aug-23 07:30:45 - INFO] - initialising - Starting To Load Modules !!!
[19-Aug-23 07:30:45 - INFO] - initialising - Loading From Plugins Path !!!
[19-Aug-23 07:30:45 - INFO] - initialising - • Loaded Plugin - bot !!!
[19-Aug-23 07:30:45 - INFO] - initialising - ————————————————————————————————————————————————————————————————————————————————
[19-Aug-23 07:32:34 - INFO] - initialising - Connected To DB Successfully !!!
[19-Aug-23 07:32:34 - INFO] - initialising - Connecting The Bot !!!
[19-Aug-23 07:32:34 - INFO] - initialising - Connected Successfully As - Pro UB (Pro_Ub_Bot) !!!
[19-Aug-23 07:32:34 - INFO] - initialising - ————————————————————————————————————————————————————————————————————————————————
[19-Aug-23 07:32:34 - INFO] - initialising - Starting To Load Modules !!!
[19-Aug-23 07:32:34 - INFO] - initialising - Loading From Plugins Path !!!
[19-Aug-23 07:32:34 - INFO] - initialising - • Loaded Plugin - bot !!!
[19-Aug-23 07:32:34 - INFO] - initialising - ————————————————————————————————————————————————————————————————————————————————
[19-Aug-23 07:32:43 - INFO] - initialising - Connected To DB Successfully !!!
[19-Aug-23 07:32:43 - INFO] - initialising - Connecting The Bot !!!
[19-Aug-23 07:32:43 - INFO] - initialising - Connected Successfully As - Pro UB (Pro_Ub_Bot) !!!
[19-Aug-23 07:32:43 - INFO] - initialising - ————————————————————————————————————————————————————————————————————————————————
[19-Aug-23 07:32:43 - INFO] - initialising - Starting To Load Modules !!!
[19-Aug-23 07:32:43 - INFO] - initialising - Loading From Plugins Path !!!
[19-Aug-23 07:32:43 - INFO] - initialising - • Loaded Plugin - bot !!!
[19-Aug-23 07:32:43 - INFO] - initialising - ————————————————————————————————————————————————————————————————————————————————
[19-Aug-23 07:32:43 - INFO] - initialising - Loading From PLUGIN CHANNEL !!!
[19-Aug-23 07:32:49 - INFO] - initialising - Connected To DB Successfully !!!
[19-Aug-23 07:32:49 - INFO] - initialising - Connecting The Bot !!!
[19-Aug-23 07:32:49 - INFO] - initialising - Connected Successfully As - Pro UB (Pro_Ub_Bot) !!!
[19-Aug-23 07:32:49 - INFO] - initialising - ————————————————————————————————————————————————————————————————————————————————
[19-Aug-23 07:32:49 - INFO] - initialising - Starting To Load Modules !!!
[19-Aug-23 07:32:49 - INFO] - initialising - Loading From Plugins Path !!!
[19-Aug-23 07:32:49 - INFO] - initialising - • Loaded Plugin - bot !!!
[19-Aug-23 07:32:49 - INFO] - initialising - ————————————————————————————————————————————————————————————————————————————————
[19-Aug-23 07:32:49 - INFO] - initialising - Loading From PLUGIN CHANNEL !!!
[19-Aug-23 07:33:14 - INFO] - initialising - Connected To DB Successfully !!!
[19-Aug-23 07:33:14 - INFO] - initialising - Connecting The Bot !!!
[19-Aug-23 07:33:14 - INFO] - initialising - Connected Successfully As - Pro UB (Pro_Ub_Bot) !!!
[19-Aug-23 07:33:14 - INFO] - initialising - ————————————————————————————————————————————————————————————————————————————————
[19-Aug-23 07:33:14 - INFO] - initialising - Starting To Load Modules !!!
[19-Aug-23 07:33:14 - INFO] - initialising - Loading From Plugins Path !!!
[19-Aug-23 07:33:14 - INFO] - initialising - • Loaded Plugin - bot !!!
[19-Aug-23 07:33:14 - INFO] - initialising - ————————————————————————————————————————————————————————————————————————————————
[19-Aug-23 07:33:14 - INFO] - initialising - Loading From PLUGIN CHANNEL !!!
[19-Aug-23 07:33:30 - INFO] - initialising - Connected To DB Successfully !!!
[19-Aug-23 07:33:30 - INFO] - initialising - Connecting The Bot !!!
[19-Aug-23 07:33:30 - INFO] - initialising - Connected Successfully As - Pro UB (Pro_Ub_Bot) !!!
[19-Aug-23 07:33:30 - INFO] - initialising - ————————————————————————————————————————————————————————————————————————————————
[19-Aug-23 07:33:30 - INFO] - initialising - Starting To Load Modules !!!
[19-Aug-23 07:33:30 - INFO] - initialising - Loading From Plugins Path !!!
[19-Aug-23 07:33:30 - INFO] - initialising - • Loaded Plugin - bot !!!
[19-Aug-23 07:33:30 - INFO] - initialising - ————————————————————————————————————————————————————————————————————————————————
[19-Aug-23 07:33:30 - INFO] - initialising - Loading From PLUGIN CHANNEL !!!
[19-Aug-23 07:34:10 - INFO] - initialising - Connected To DB Successfully !!!
[19-Aug-23 07:34:10 - INFO] - initialising - Connecting The Bot !!!
[19-Aug-23 07:34:10 - INFO] - initialising - Connected Successfully As - Pro UB (Pro_Ub_Bot) !!!
[19-Aug-23 07:34:10 - INFO] - initialising - ————————————————————————————————————————————————————————————————————————————————
[19-Aug-23 07:34:10 - INFO] - initialising - Starting To Load Modules !!!
[19-Aug-23 07:34:10 - INFO] - initialising - Loading From Plugins Path !!!
[19-Aug-23 07:34:10 - INFO] - initialising - • Loaded Plugin - bot !!!
[19-Aug-23 07:34:10 - INFO] - initialising - ————————————————————————————————————————————————————————————————————————————————
[19-Aug-23 07:34:10 - INFO] - initialising - Loading From PLUGIN CHANNEL !!!
[19-Aug-23 07:34:32 - INFO] - initialising - Connected To DB Successfully !!!
[19-Aug-23 07:34:32 - INFO] - initialising - Connecting The Bot !!!
[19-Aug-23 07:34:32 - INFO] - initialising - Connected Successfully As - Pro UB (Pro_Ub_Bot) !!!
[19-Aug-23 07:34:32 - INFO] - initialising - ————————————————————————————————————————————————————————————————————————————————
[19-Aug-23 07:34:32 - INFO] - initialising - Starting To Load Modules !!!
[19-Aug-23 07:34:32 - INFO] - initialising - Loading From Plugins Path !!!
[19-Aug-23 07:34:32 - INFO] - initialising - • Loaded Plugin - bot !!!
[19-Aug-23 07:34:32 - INFO] - initialising - ————————————————————————————————————————————————————————————————————————————————
[19-Aug-23 07:34:32 - INFO] - initialising - Loading From PLUGIN CHANNEL !!!
[19-Aug-23 07:35:55 - INFO] - initialising - Connected To DB Successfully !!!
[19-Aug-23 07:35:55 - INFO] - initialising - Connecting The Bot !!!
[19-Aug-23 07:35:55 - INFO] - initialising - Connected Successfully As - Pro UB (Pro_Ub_Bot) !!!
[19-Aug-23 07:35:55 - INFO] - initialising - ————————————————————————————————————————————————————————————————————————————————
[19-Aug-23 07:35:55 - INFO] - initialising - Starting To Load Modules !!!
[19-Aug-23 07:35:55 - INFO] - initialising - Loading From Plugins Path !!!
[19-Aug-23 07:35:55 - INFO] - initialising - • Loaded Plugin - bot !!!
[19-Aug-23 07:35:55 - INFO] - initialising - ————————————————————————————————————————————————————————————————————————————————
[19-Aug-23 07:35:55 - INFO] - initialising - Loading From PLUGIN CHANNEL !!!
[19-Aug-23 07:36:36 - INFO] - initialising - Connected To DB Successfully !!!
[19-Aug-23 07:36:36 - INFO] - initialising - Connecting The Bot !!!
[19-Aug-23 07:36:36 - INFO] - initialising - Connected Successfully As - Pro UB (Pro_Ub_Bot) !!!
[19-Aug-23 07:36:36 - INFO] - initialising - ————————————————————————————————————————————————————————————————————————————————
[19-Aug-23 07:36:36 - INFO] - initialising - Starting To Load Modules !!!
[19-Aug-23 07:36:36 - INFO] - initialising - Loading From Plugins Path !!!
[19-Aug-23 07:36:36 - INFO] - initialising - • Loaded Plugin - bot !!!
[19-Aug-23 07:36:36 - INFO] - initialising - ————————————————————————————————————————————————————————————————————————————————
[19-Aug-23 07:36:36 - INFO] - initialising - Loading From PLUGIN CHANNEL !!!
[19-Aug-23 07:36:48 - INFO] - initialising - Connected To DB Successfully !!!
[19-Aug-23 07:36:48 - INFO] - initialising - Connecting The Bot !!!
[19-Aug-23 07:36:48 - INFO] - initialising - Connected Successfully As - Pro UB (Pro_Ub_Bot) !!!
[19-Aug-23 07:36:48 - INFO] - initialising - ————————————————————————————————————————————————————————————————————————————————
[19-Aug-23 07:36:48 - INFO] - initialising - Starting To Load Modules !!!
[19-Aug-23 07:36:48 - INFO] - initialising - Loading From Plugins Path !!!
[19-Aug-23 07:36:48 - INFO] - initialising - • Loaded Plugin - bot !!!
[19-Aug-23 07:36:48 - INFO] - initialising - ————————————————————————————————————————————————————————————————————————————————
[19-Aug-23 07:36:48 - INFO] - initialising - Loading From PLUGIN CHANNEL !!!
[19-Aug-23 07:39:09 - INFO] - initialising - Connected To DB Successfully !!!
[19-Aug-23 07:39:09 - INFO] - initialising - Connecting The Bot !!!
[19-Aug-23 07:39:09 - INFO] - initialising - Connected Successfully As - Pro UB (Pro_Ub_Bot) !!!
[19-Aug-23 07:39:09 - INFO] - initialising - ————————————————————————————————————————————————————————————————————————————————
[19-Aug-23 07:39:09 - INFO] - initialising - Starting To Load Modules !!!
[19-Aug-23 07:39:09 - INFO] - initialising - Loading From Plugins Path !!!
[19-Aug-23 07:39:09 - INFO] - initialising - • Loaded Plugin - bot !!!
[19-Aug-23 07:39:09 - INFO] - initialising - ————————————————————————————————————————————————————————————————————————————————
[19-Aug-23 07:39:09 - INFO] - initialising - Loading From PLUGIN CHANNEL !!!
[19-Aug-23 07:43:10 - INFO] - initialising - Connected To DB Successfully !!!
[19-Aug-23 07:43:10 - INFO] - initialising - Connecting The Bot !!!
[19-Aug-23 07:43:10 - INFO] - initialising - Connected Successfully As - Pro UB (Pro_Ub_Bot) !!!
[19-Aug-23 07:43:10 - INFO] - initialising - ————————————————————————————————————————————————————————————————————————————————
[19-Aug-23 07:43:10 - INFO] - initialising - Starting To Load Modules !!!
[19-Aug-23 07:43:10 - INFO] - initialising - Loading From Plugins Path !!!
[19-Aug-23 07:43:10 - INFO] - initialising - • Loaded Plugin - bot !!!
[19-Aug-23 07:43:10 - INFO] - initialising - ————————————————————————————————————————————————————————————————————————————————
[19-Aug-23 07:43:10 - INFO] - initialising - Loading From PLUGIN CHANNEL !!!
[19-Aug-23 07:43:22 - INFO] - initialising - Connected To DB Successfully !!!
[19-Aug-23 07:43:22 - INFO] - initialising - Connecting The Bot !!!
[19-Aug-23 07:43:22 - INFO] - initialising - Connected Successfully As - Pro UB (Pro_Ub_Bot) !!!
[19-Aug-23 07:43:22 - INFO] - initialising - ————————————————————————————————————————————————————————————————————————————————
[19-Aug-23 07:43:22 - INFO] - initialising - Starting To Load Modules !!!
[19-Aug-23 07:43:22 - INFO] - initialising - Loading From Plugins Path !!!
[19-Aug-23 07:43:22 - INFO] - initialising - • Loaded Plugin - bot !!!
[19-Aug-23 07:43:22 - INFO] - initialising - ————————————————————————————————————————————————————————————————————————————————
[19-Aug-23 07:43:22 - INFO] - initialising - Loading From PLUGIN CHANNEL !!!
[19-Aug-23 07:43:57 - INFO] - initialising - Connected To DB Successfully !!!
[19-Aug-23 07:43:57 - INFO] - initialising - Connecting The Bot !!!
[19-Aug-23 07:43:57 - INFO] - initialising - Connected Successfully As - Pro UB (Pro_Ub_Bot) !!!
[19-Aug-23 07:43:57 - INFO] - initialising - ————————————————————————————————————————————————————————————————————————————————
[19-Aug-23 07:43:57 - INFO] - initialising - Starting To Load Modules !!!
[19-Aug-23 07:43:57 - INFO] - initialising - Loading From Plugins Path !!!
[19-Aug-23 07:43:57 - INFO] - initialising - • Loaded Plugin - bot !!!
[19-Aug-23 07:43:57 - INFO] - initialising - ————————————————————————————————————————————————————————————————————————————————
[19-Aug-23 07:43:57 - INFO] - initialising - Loading From PLUGIN CHANNEL !!!
[19-Aug-23 07:44:49 - INFO] - initialising - Connected To DB Successfully !!!
[19-Aug-23 07:44:49 - INFO] - initialising - Connecting The Bot !!!
[19-Aug-23 07:44:49 - INFO] - initialising - Connected Successfully As - Pro UB (Pro_Ub_Bot) !!!
[19-Aug-23 07:44:49 - INFO] - initialising - ————————————————————————————————————————————————————————————————————————————————
[19-Aug-23 07:44:49 - INFO] - initialising - Starting To Load Modules !!!
[19-Aug-23 07:44:49 - INFO] - initialising - Loading From Plugins Path !!!
[19-Aug-23 07:44:49 - INFO] - initialising - • Loaded Plugin - bot !!!
[19-Aug-23 07:44:49 - INFO] - initialising - ————————————————————————————————————————————————————————————————————————————————
[19-Aug-23 07:44:49 - INFO] - initialising - Loading From PLUGIN CHANNEL !!!
[19-Aug-23 07:45:14 - INFO] - initialising - Connected To DB Successfully !!!
[19-Aug-23 07:45:14 - INFO] - initialising - Connecting The Bot !!!
[19-Aug-23 07:45:14 - INFO] - initialising - Connected Successfully As - Pro UB (Pro_Ub_Bot) !!!
[19-Aug-23 07:45:14 - INFO] - initialising - ————————————————————————————————————————————————————————————————————————————————
[19-Aug-23 07:45:14 - INFO] - initialising - Starting To Load Modules !!!
[19-Aug-23 07:45:14 - INFO] - initialising - Loading From Plugins Path !!!
[19-Aug-23 07:45:14 - INFO] - initialising - • Loaded Plugin - bot !!!
[19-Aug-23 07:45:14 - INFO] - initialising - ————————————————————————————————————————————————————————————————————————————————
[19-Aug-23 07:45:14 - INFO] - initialising - Loading From PLUGIN CHANNEL !!!
[19-Aug-23 07:46:33 - INFO] - initialising - Connected To DB Successfully !!!
[19-Aug-23 07:46:33 - INFO] - initialising - Connecting The Bot !!!
[19-Aug-23 07:46:33 - INFO] - initialising - Connected Successfully As - Pro UB (Pro_Ub_Bot) !!!
[19-Aug-23 07:46:33 - INFO] - initialising - ————————————————————————————————————————————————————————————————————————————————
[19-Aug-23 07:46:33 - INFO] - initialising - Starting To Load Modules !!!
[19-Aug-23 07:46:33 - INFO] - initialising - Loading From Plugins Path !!!
[19-Aug-23 07:46:33 - INFO] - initialising - • Loaded Official Plugin - bot !!!
[19-Aug-23 07:46:33 - INFO] - initialising - ————————————————————————————————————————————————————————————————————————————————
[19-Aug-23 07:46:33 - INFO] - initialising - Loading From PLUGIN CHANNEL !!!
[19-Aug-23 07:46:33 - INFO] - initialising - • Loaded Official Plugin - bu !!!
[19-Aug-23 07:46:33 - INFO] - initialising - ————————————————————————————————————————————————————————————————————————————————
[19-Aug-23 07:49:34 - INFO] - initialising - Connected To DB Successfully !!!
[19-Aug-23 07:49:34 - INFO] - initialising - Connecting The Bot !!!
[19-Aug-23 07:49:34 - INFO] - initialising - Connected Successfully As - Pro UB (Pro_Ub_Bot) !!!
[19-Aug-23 07:49:34 - INFO] - initialising - ————————————————————————————————————————————————————————————————————————————————
[19-Aug-23 07:49:34 - INFO] - initialising - Starting To Load Modules !!!
[19-Aug-23 07:49:34 - INFO] - initialising - Loading From Plugins Path !!!
[19-Aug-23 07:49:34 - INFO] - initialising - • Loaded Official Plugin - bot !!!
[19-Aug-23 07:49:34 - INFO] - initialising - ————————————————————————————————————————————————————————————————————————————————
[19-Aug-23 07:49:34 - INFO] - initialising - Loading From PLUGIN CHANNEL !!!
[19-Aug-23 07:49:35 - INFO] - initialising - • Loaded Addon - bu !!!
[19-Aug-23 07:49:35 - INFO] - initialising - ————————————————————————————————————————————————————————————————————————————————
[19-Aug-23 07:50:09 - INFO] - initialising - Connected To DB Successfully !!!
[19-Aug-23 07:50:09 - INFO] - initialising - Connecting The Bot !!!
[19-Aug-23 07:50:09 - INFO] - initialising - Connected Successfully As - Pro UB (Pro_Ub_Bot) !!!
[19-Aug-23 07:50:09 - INFO] - initialising - ————————————————————————————————————————————————————————————————————————————————
[19-Aug-23 07:50:09 - INFO] - initialising - Starting To Load Modules !!!
[19-Aug-23 07:50:09 - INFO] - initialising - Loading From Plugins Path !!!
[19-Aug-23 07:50:09 - INFO] - initialising - • Loaded Official Plugin - bot !!!
[19-Aug-23 07:50:09 - INFO] - initialising - ————————————————————————————————————————————————————————————————————————————————
[19-Aug-23 07:50:09 - INFO] - initialising - Loading From PLUGIN CHANNEL !!!
[19-Aug-23 07:50:10 - INFO] - initialising - • Loaded Addon - bu !!!
[19-Aug-23 07:50:10 - INFO] - initialising - ————————————————————————————————————————————————————————————————————————————————
[19-Aug-23 07:50:10 - INFO] - initialising - ProUb Deployed Successfully Enjoy !!!
[19-Aug-23 07:50:26 - INFO] - initialising - Connected To DB Successfully !!!
[19-Aug-23 07:50:26 - INFO] - initialising - Connecting The Bot !!!
[19-Aug-23 07:50:26 - INFO] - initialising - Connected Successfully As - Pro UB (Pro_Ub_Bot) !!!
[19-Aug-23 07:50:26 - INFO] - initialising - ————————————————————————————————————————————————————————————————————————————————
[19-Aug-23 07:50:26 - INFO] - initialising - Starting To Load Modules !!!
[19-Aug-23 07:50:26 - INFO] - initialising - Loading From Plugins Path !!!
[19-Aug-23 07:50:26 - INFO] - initialising - • Loaded Official Plugin - bot !!!
[19-Aug-23 07:50:26 - INFO] - initialising - ————————————————————————————————————————————————————————————————————————————————
[19-Aug-23 07:50:26 - INFO] - initialising - Loading From PLUGIN CHANNEL !!!
[19-Aug-23 07:50:26 - INFO] - initialising - • Loaded Addon - bu !!!
[19-Aug-23 07:50:26 - INFO] - initialising - ————————————————————————————————————————————————————————————————————————————————
[19-Aug-23 07:50:27 - INFO] - initialising - **ProUb Deployed Successfully Enjoy !!!**
[19-Aug-23 07:50:47 - INFO] - initialising - Connected To DB Successfully !!!
[19-Aug-23 07:50:47 - INFO] - initialising - Connecting The Bot !!!
[19-Aug-23 07:50:47 - INFO] - initialising - Connected Successfully As - Pro UB (Pro_Ub_Bot) !!!
[19-Aug-23 07:50:47 - INFO] - initialising - ————————————————————————————————————————————————————————————————————————————————
[19-Aug-23 07:50:47 - INFO] - initialising - Starting To Load Modules !!!
[19-Aug-23 07:50:47 - INFO] - initialising - Loading From Plugins Path !!!
[19-Aug-23 07:50:47 - INFO] - initialising - • Loaded Official Plugin - bot !!!
[19-Aug-23 07:50:47 - INFO] - initialising - ————————————————————————————————————————————————————————————————————————————————
[19-Aug-23 07:50:47 - INFO] - initialising - Loading From PLUGIN CHANNEL !!!
[19-Aug-23 07:50:47 - INFO] - initialising - • Loaded Addon - bu !!!
[19-Aug-23 07:50:47 - INFO] - initialising - ————————————————————————————————————————————————————————————————————————————————
[19-Aug-23 07:50:47 - INFO] - initialising - ProUb Deployed Successfully Enjoy !!!
[19-Aug-23 07:53:57 - INFO] - initialising - Connected To DB Successfully !!!
[19-Aug-23 07:53:57 - INFO] - initialising - Connecting The Bot !!!
[19-Aug-23 07:53:57 - INFO] - initialising - Connected Successfully As - Pro UB (Pro_Ub_Bot) !!!
[19-Aug-23 07:53:57 - INFO] - initialising - ————————————————————————————————————————————————————————————————————————————————
[19-Aug-23 07:53:57 - INFO] - initialising - Starting To Load Modules !!!
[19-Aug-23 07:53:57 - INFO] - initialising - Loading From Plugins Path !!!
[19-Aug-23 07:53:57 - INFO] - initialising - • Loaded Official Plugin - bot !!!
[19-Aug-23 07:53:57 - INFO] - initialising - ————————————————————————————————————————————————————————————————————————————————
[19-Aug-23 07:53:57 - INFO] - initialising - Loading From PLUGIN CHANNEL !!!
[19-Aug-23 07:53:57 - INFO] - initialising - • Loaded Addon - bu !!!
[19-Aug-23 07:53:57 - INFO] - initialising - ————————————————————————————————————————————————————————————————————————————————
[19-Aug-23 07:53:57 - INFO] - initialising - ProUb Deployed Successfully Enjoy !!!
[19-Aug-23 07:54:55 - INFO] - initialising - Connected To DB Successfully !!!
[19-Aug-23 07:54:55 - INFO] - initialising - Connecting The Bot !!!
[19-Aug-23 07:54:55 - INFO] - initialising - Connected Successfully As - Pro UB (Pro_Ub_Bot) !!!
[19-Aug-23 07:54:55 - INFO] - initialising - ————————————————————————————————————————————————————————————————————————————————
[19-Aug-23 07:54:55 - INFO] - initialising - Starting To Load Modules !!!
[19-Aug-23 07:54:55 - INFO] - initialising - Loading From Plugins Path !!!
[19-Aug-23 07:54:55 - INFO] - initialising - • Loaded Official Plugin - bot !!!
[19-Aug-23 07:54:55 - INFO] - initialising - ————————————————————————————————————————————————————————————————————————————————
[19-Aug-23 07:54:55 - INFO] - initialising - Loading From PLUGIN CHANNEL !!!
[19-Aug-23 07:54:56 - INFO] - initialising - • Loaded Addon - bu !!!
[19-Aug-23 07:54:56 - INFO] - initialising - ————————————————————————————————————————————————————————————————————————————————
[19-Aug-23 07:54:56 - INFO] - initialising - ProUb Deployed Successfully Enjoy !!!
[19-Aug-23 07:56:49 - INFO] - initialising - Connected To DB Successfully !!!
[19-Aug-23 07:56:49 - INFO] - initialising - Connecting The Bot !!!
[19-Aug-23 07:56:50 - INFO] - initialising - Connected Successfully As - Pro UB (Pro_Ub_Bot) !!!
[19-Aug-23 07:56:50 - INFO] - initialising - ————————————————————————————————————————————————————————————————————————————————
[19-Aug-23 07:56:50 - INFO] - initialising - Starting To Load Modules !!!
[19-Aug-23 07:56:50 - INFO] - initialising - Loading From Plugins Path !!!
[19-Aug-23 07:56:50 - INFO] - initialising - • Loaded Official Plugin - bot !!!
[19-Aug-23 07:56:50 - INFO] - initialising - ————————————————————————————————————————————————————————————————————————————————
[19-Aug-23 07:56:50 - INFO] - initialising - Loading From PLUGIN CHANNEL !!!
[19-Aug-23 07:56:50 - INFO] - initialising - • Loaded Addon - bu !!!
[19-Aug-23 07:56:50 - INFO] - initialising - ————————————————————————————————————————————————————————————————————————————————
[19-Aug-23 07:57:08 - INFO] - initialising - Connected To DB Successfully !!!
[19-Aug-23 07:57:08 - INFO] - initialising - Connecting The Bot !!!
[19-Aug-23 07:57:08 - INFO] - initialising - Connected Successfully As - Pro UB (Pro_Ub_Bot) !!!
[19-Aug-23 07:57:08 - INFO] - initialising - ————————————————————————————————————————————————————————————————————————————————
[19-Aug-23 07:57:08 - INFO] - initialising - Starting To Load Modules !!!
[19-Aug-23 07:57:08 - INFO] - initialising - Loading From Plugins Path !!!
[19-Aug-23 07:57:08 - INFO] - initialising - • Loaded Official Plugin - bot !!!
[19-Aug-23 07:57:08 - INFO] - initialising - ————————————————————————————————————————————————————————————————————————————————
[19-Aug-23 07:57:08 - INFO] - initialising - Loading From PLUGIN CHANNEL !!!
[19-Aug-23 07:57:08 - INFO] - initialising - • Loaded Addon - bu !!!
[19-Aug-23 07:57:08 - INFO] - initialising - ————————————————————————————————————————————————————————————————————————————————
[19-Aug-23 07:58:29 - INFO] - initialising - Connected To DB Successfully !!!
[19-Aug-23 07:58:29 - INFO] - initialising - Connecting The Bot !!!
[19-Aug-23 07:58:29 - INFO] - initialising - Connected Successfully As - Pro UB (Pro_Ub_Bot) !!!
[19-Aug-23 07:58:29 - INFO] - initialising - ————————————————————————————————————————————————————————————————————————————————
[19-Aug-23 07:58:29 - INFO] - initialising - Starting To Load Modules !!!
[19-Aug-23 07:58:29 - INFO] - initialising - Loading From Plugins Path !!!
[19-Aug-23 07:58:29 - INFO] - initialising - • Loaded Official Plugin - bot !!!
[19-Aug-23 07:58:29 - INFO] - initialising - ————————————————————————————————————————————————————————————————————————————————
[19-Aug-23 07:58:29 - INFO] - initialising - Loading From PLUGIN CHANNEL !!!
[19-Aug-23 07:58:29 - INFO] - initialising - • Loaded Addon - bu !!!
[19-Aug-23 07:58:29 - INFO] - initialising - ————————————————————————————————————————————————————————————————————————————————
[19-Aug-23 07:59:49 - INFO] - initialising - Connected To DB Successfully !!!
[19-Aug-23 07:59:49 - INFO] - initialising - Connecting The Bot !!!
[19-Aug-23 07:59:49 - INFO] - initialising - Connected Successfully As - Pro UB (Pro_Ub_Bot) !!!
[19-Aug-23 07:59:49 - INFO] - initialising - ————————————————————————————————————————————————————————————————————————————————
[19-Aug-23 07:59:49 - INFO] - initialising - Starting To Load Modules !!!
[19-Aug-23 07:59:49 - INFO] - initialising - Loading From Plugins Path !!!
[19-Aug-23 07:59:49 - INFO] - initialising - • Loaded Official Plugin - bot !!!
[19-Aug-23 07:59:49 - INFO] - initialising - ————————————————————————————————————————————————————————————————————————————————
[19-Aug-23 07:59:49 - INFO] - initialising - Loading From PLUGIN CHANNEL !!!
[19-Aug-23 07:59:49 - INFO] - initialising - • Loaded Addon - bu !!!
[19-Aug-23 07:59:49 - INFO] - initialising - ————————————————————————————————————————————————————————————————————————————————
[19-Aug-23 07:59:49 - INFO] - initialising - ProUb Deployed Successfully Enjoy !!!
[19-Aug-23 07:59:58 - INFO] - initialising - Connected To DB Successfully !!!
[19-Aug-23 07:59:58 - INFO] - initialising - Connecting The Bot !!!
[19-Aug-23 07:59:58 - INFO] - initialising - Connected Successfully As - Pro UB (Pro_Ub_Bot) !!!
[19-Aug-23 07:59:58 - INFO] - initialising - ————————————————————————————————————————————————————————————————————————————————
[19-Aug-23 07:59:58 - INFO] - initialising - Starting To Load Modules !!!
[19-Aug-23 07:59:58 - INFO] - initialising - Loading From Plugins Path !!!
[19-Aug-23 07:59:58 - INFO] - initialising - • Loaded Official Plugin - bot !!!
[19-Aug-23 07:59:58 - INFO] - initialising - ————————————————————————————————————————————————————————————————————————————————
[19-Aug-23 07:59:58 - INFO] - initialising - Loading From PLUGIN CHANNEL !!!
[19-Aug-23 07:59:58 - INFO] - initialising - • Loaded Addon - bu !!!
[19-Aug-23 07:59:58 - INFO] - initialising - ————————————————————————————————————————————————————————————————————————————————
[19-Aug-23 07:59:59 - INFO] - initialising - ProUb Deployed Successfully Enjoy !!!
[19-Aug-23 08:01:07 - INFO] - initialising - Connected To DB Successfully !!!
[19-Aug-23 08:01:07 - INFO] - initialising - Connecting The Bot !!!
[19-Aug-23 08:01:08 - INFO] - initialising - Connected Successfully As - Pro UB (Pro_Ub_Bot) !!!
[19-Aug-23 08:01:08 - INFO] - initialising - ————————————————————————————————————————————————————————————————————————————————
[19-Aug-23 08:01:08 - INFO] - initialising - Starting To Load Modules !!!
[19-Aug-23 08:01:08 - INFO] - initialising - Loading From Plugins Path !!!
[19-Aug-23 08:01:08 - INFO] - initialising - • Loaded Official Plugin - bot !!!
[19-Aug-23 08:01:08 - INFO] - initialising - ————————————————————————————————————————————————————————————————————————————————
[19-Aug-23 08:01:08 - INFO] - initialising - Loading From PLUGIN CHANNEL !!!
[19-Aug-23 08:01:08 - INFO] - initialising - • Loaded Addon - bu !!!
[19-Aug-23 08:01:08 - INFO] - initialising - ————————————————————————————————————————————————————————————————————————————————
[19-Aug-23 08:01:08 - INFO] - initialising - ProUb Deployed Successfully Enjoy !!!
[19-Aug-23 08:01:59 - INFO] - initialising - Connected To DB Successfully !!!
[19-Aug-23 08:01:59 - INFO] - initialising - Connecting The Bot !!!
[19-Aug-23 08:01:59 - INFO] - initialising - Connected Successfully As - Pro UB (Pro_Ub_Bot) !!!
[19-Aug-23 08:01:59 - INFO] - initialising - ————————————————————————————————————————————————————————————————————————————————
[19-Aug-23 08:01:59 - INFO] - initialising - Starting To Load Modules !!!
[19-Aug-23 08:01:59 - INFO] - initialising - Loading From Plugins Path !!!
[19-Aug-23 08:01:59 - INFO] - initialising - • Loaded Official Plugin - bot !!!
[19-Aug-23 08:01:59 - INFO] - initialising - ————————————————————————————————————————————————————————————————————————————————
[19-Aug-23 08:01:59 - INFO] - initialising - Loading From PLUGIN CHANNEL !!!
[19-Aug-23 08:01:59 - INFO] - initialising - • Loaded Addon - bu !!!
[19-Aug-23 08:01:59 - INFO] - initialising - ————————————————————————————————————————————————————————————————————————————————
[19-Aug-23 08:01:59 - INFO] - initialising - ProUb Deployed Successfully Enjoy !!!
[19-Aug-23 08:02:32 - INFO] - initialising - Connected To DB Successfully !!!
[19-Aug-23 08:02:32 - INFO] - initialising - Connecting The Bot !!!
[19-Aug-23 08:02:32 - INFO] - initialising - Connected Successfully As - Pro UB (Pro_Ub_Bot) !!!
[19-Aug-23 08:02:32 - INFO] - initialising - ————————————————————————————————————————————————————————————————————————————————
[19-Aug-23 08:02:32 - INFO] - initialising - Starting To Load Modules !!!
[19-Aug-23 08:02:32 - INFO] - initialising - Loading From Plugins Path !!!
[19-Aug-23 08:02:32 - INFO] - initialising - • Loaded Official Plugin - bot !!!
[19-Aug-23 08:02:32 - INFO] - initialising - ————————————————————————————————————————————————————————————————————————————————
[19-Aug-23 08:02:32 - INFO] - initialising - Loading From PLUGIN CHANNEL !!!
[19-Aug-23 08:02:32 - INFO] - initialising - • Loaded Addon - bu !!!
[19-Aug-23 08:02:32 - INFO] - initialising - ————————————————————————————————————————————————————————————————————————————————
[19-Aug-23 08:02:32 - INFO] - initialising - ProUb Deployed Successfully Enjoy !!!
[19-Aug-23 08:13:22 - INFO] - initialising - Connected To DB Successfully !!!
[19-Aug-23 08:13:22 - INFO] - initialising - Connecting The Bot !!!
[19-Aug-23 08:13:22 - INFO] - initialising - Connected Successfully As - Pro UB (Pro_Ub_Bot) !!!
[19-Aug-23 08:13:22 - INFO] - initialising - ————————————————————————————————————————————————————————————————————————————————
[19-Aug-23 08:13:22 - INFO] - initialising - Starting To Load Modules !!!
[19-Aug-23 08:13:22 - INFO] - initialising - Loading From Plugins Path !!!
[19-Aug-23 08:13:22 - INFO] - initialising - ————————————————————————————————————————————————————————————————————————————————
[19-Aug-23 08:13:22 - INFO] - initialising - Loading From PLUGIN CHANNEL !!!
[19-Aug-23 08:13:22 - INFO] - initialising - • Loaded Addon - bu !!!
[19-Aug-23 08:13:22 - INFO] - initialising - ————————————————————————————————————————————————————————————————————————————————
[19-Aug-23 08:13:22 - INFO] - initialising - ProUb Deployed Successfully Enjoy !!!
[19-Aug-23 08:13:31 - INFO] - initialising - Connected To DB Successfully !!!
[19-Aug-23 08:13:31 - INFO] - initialising - Connecting The Bot !!!
[19-Aug-23 08:13:31 - INFO] - initialising - Connected Successfully As - Pro UB (Pro_Ub_Bot) !!!
[19-Aug-23 08:13:31 - INFO] - initialising - ————————————————————————————————————————————————————————————————————————————————
[19-Aug-23 08:13:31 - INFO] - initialising - Starting To Load Modules !!!
[19-Aug-23 08:13:31 - INFO] - initialising - Loading From Plugins Path !!!
[19-Aug-23 08:13:31 - INFO] - initialising - ————————————————————————————————————————————————————————————————————————————————
[19-Aug-23 08:13:31 - INFO] - initialising - Loading From PLUGIN CHANNEL !!!
[19-Aug-23 08:13:31 - INFO] - initialising - • Loaded Addon - bu !!!
[19-Aug-23 08:13:31 - INFO] - initialising - ————————————————————————————————————————————————————————————————————————————————
[19-Aug-23 08:13:31 - INFO] - initialising - ProUb Deployed Successfully Enjoy !!!
[19-Aug-23 08:14:07 - INFO] - initialising - Connected To DB Successfully !!!
[19-Aug-23 08:14:07 - INFO] - initialising - Connecting The Bot !!!
[19-Aug-23 08:14:07 - INFO] - initialising - Connected Successfully As - Pro UB (Pro_Ub_Bot) !!!
[19-Aug-23 08:14:07 - INFO] - initialising - ————————————————————————————————————————————————————————————————————————————————
[19-Aug-23 08:14:07 - INFO] - initialising - Starting To Load Modules !!!
[19-Aug-23 08:14:07 - INFO] - initialising - Loading From Plugins Path !!!
[19-Aug-23 08:14:07 - INFO] - initialising - ————————————————————————————————————————————————————————————————————————————————
[19-Aug-23 08:14:07 - INFO] - initialising - Loading From PLUGIN CHANNEL !!!
[19-Aug-23 08:14:07 - INFO] - initialising - • Loaded Addon - bu !!!
[19-Aug-23 08:14:07 - INFO] - initialising - ————————————————————————————————————————————————————————————————————————————————
[19-Aug-23 08:14:07 - INFO] - initialising - ProUb Deployed Successfully Enjoy !!!
[19-Aug-23 08:14:27 - INFO] - initialising - Connected To DB Successfully !!!
[19-Aug-23 08:14:27 - INFO] - initialising - Connecting The Bot !!!
[19-Aug-23 08:14:27 - INFO] - initialising - Connected Successfully As - Pro UB (Pro_Ub_Bot) !!!
[19-Aug-23 08:14:27 - INFO] - initialising - ————————————————————————————————————————————————————————————————————————————————
[19-Aug-23 08:14:27 - INFO] - initialising - Starting To Load Modules !!!
[19-Aug-23 08:14:27 - INFO] - initialising - Loading From Plugins Path !!!
[19-Aug-23 08:14:27 - INFO] - initialising - ————————————————————————————————————————————————————————————————————————————————
[19-Aug-23 08:14:27 - INFO] - initialising - Loading From PLUGIN CHANNEL !!!
[19-Aug-23 08:14:28 - INFO] - initialising - • Loaded Addon - bu !!!
[19-Aug-23 08:14:28 - INFO] - initialising - ————————————————————————————————————————————————————————————————————————————————
[19-Aug-23 08:14:28 - INFO] - initialising - ProUb Deployed Successfully Enjoy !!!
[19-Aug-23 08:14:34 - INFO] - initialising - Connected To DB Successfully !!!
[19-Aug-23 08:14:34 - INFO] - initialising - Connecting The Bot !!!
[19-Aug-23 08:14:34 - INFO] - initialising - Connected Successfully As - Pro UB (Pro_Ub_Bot) !!!
[19-Aug-23 08:14:34 - INFO] - initialising - ————————————————————————————————————————————————————————————————————————————————
[19-Aug-23 08:14:34 - INFO] - initialising - Starting To Load Modules !!!
[19-Aug-23 08:14:34 - INFO] - initialising - Loading From Plugins Path !!!
[19-Aug-23 08:14:34 - INFO] - initialising - ————————————————————————————————————————————————————————————————————————————————
[19-Aug-23 08:14:34 - INFO] - initialising - Loading From PLUGIN CHANNEL !!!
[19-Aug-23 08:14:34 - INFO] - initialising - • Loaded Addon - bu !!!
[19-Aug-23 08:14:34 - INFO] - initialising - ————————————————————————————————————————————————————————————————————————————————
[19-Aug-23 08:14:34 - INFO] - initialising - ProUb Deployed Successfully Enjoy !!!
[19-Aug-23 08:14:42 - INFO] - initialising - Connected To DB Successfully !!!
[19-Aug-23 08:14:42 - INFO] - initialising - Connecting The Bot !!!
[19-Aug-23 08:14:42 - INFO] - initialising - Connected Successfully As - Pro UB (Pro_Ub_Bot) !!!
[19-Aug-23 08:14:42 - INFO] - initialising - ————————————————————————————————————————————————————————————————————————————————
[19-Aug-23 08:14:42 - INFO] - initialising - Starting To Load Modules !!!
[19-Aug-23 08:14:42 - INFO] - initialising - Loading From Plugins Path !!!
[19-Aug-23 08:14:42 - INFO] - initialising - ————————————————————————————————————————————————————————————————————————————————
[19-Aug-23 08:14:42 - INFO] - initialising - Loading From PLUGIN CHANNEL !!!
[19-Aug-23 08:14:42 - INFO] - initialising - • Loaded Addon - bu !!!
[19-Aug-23 08:14:42 - INFO] - initialising - ————————————————————————————————————————————————————————————————————————————————
[19-Aug-23 08:14:42 - INFO] - initialising - ProUb Deployed Successfully Enjoy !!!
[19-Aug-23 08:15:32 - INFO] - initialising - Connected To DB Successfully !!!
[19-Aug-23 08:15:32 - INFO] - initialising - Connecting The Bot !!!
[19-Aug-23 08:15:32 - INFO] - initialising - Connected Successfully As - Pro UB (Pro_Ub_Bot) !!!
[19-Aug-23 08:15:32 - INFO] - initialising - ————————————————————————————————————————————————————————————————————————————————
[19-Aug-23 08:15:32 - INFO] - initialising - Starting To Load Modules !!!
[19-Aug-23 08:15:32 - INFO] - initialising - Loading From Plugins Path !!!
[19-Aug-23 08:15:32 - INFO] - initialising - ————————————————————————————————————————————————————————————————————————————————
[19-Aug-23 08:15:32 - INFO] - initialising - Loading From PLUGIN CHANNEL !!!
[19-Aug-23 08:15:33 - INFO] - initialising - • Loaded Addon - bu !!!
[19-Aug-23 08:15:33 - INFO] - initialising - ————————————————————————————————————————————————————————————————————————————————
[19-Aug-23 08:15:33 - INFO] - initialising - ProUb Deployed Successfully Enjoy !!!
[19-Aug-23 08:16:31 - INFO] - initialising - Connected To DB Successfully !!!
[19-Aug-23 08:16:31 - INFO] - initialising - Connecting The Bot !!!
[19-Aug-23 08:16:31 - INFO] - initialising - Connected Successfully As - Pro UB (Pro_Ub_Bot) !!!
[19-Aug-23 08:16:31 - INFO] - initialising - ————————————————————————————————————————————————————————————————————————————————
[19-Aug-23 08:16:31 - INFO] - initialising - Starting To Load Modules !!!
[19-Aug-23 08:16:31 - INFO] - initialising - Loading From Plugins Path !!!
[19-Aug-23 08:16:31 - INFO] - initialising - • Loaded Official Plugin - bot !!!
[19-Aug-23 08:16:31 - INFO] - initialising - ————————————————————————————————————————————————————————————————————————————————
[19-Aug-23 08:16:31 - INFO] - initialising - Loading From PLUGIN CHANNEL !!!
[19-Aug-23 08:16:31 - INFO] - initialising - • Loaded Addon - bu !!!
[19-Aug-23 08:16:31 - INFO] - initialising - ————————————————————————————————————————————————————————————————————————————————
[19-Aug-23 08:16:31 - INFO] - initialising - ProUb Deployed Successfully Enjoy !!!
[19-Aug-23 08:21:10 - INFO] - initialising - Connected To DB Successfully !!!
[19-Aug-23 08:21:10 - INFO] - initialising - Connecting The Bot !!!
[19-Aug-23 08:21:10 - INFO] - initialising - Connected Successfully As - Pro UB (Pro_Ub_Bot) !!!
[19-Aug-23 08:21:10 - INFO] - initialising - ————————————————————————————————————————————————————————————————————————————————
[19-Aug-23 08:21:10 - INFO] - initialising - Starting To Load Modules !!!
[19-Aug-23 08:21:10 - INFO] - initialising - Loading From Plugins Path !!!
[19-Aug-23 08:21:10 - INFO] - initialising - • Loaded Official Plugin - bot !!!
[19-Aug-23 08:21:10 - INFO] - initialising - ————————————————————————————————————————————————————————————————————————————————
[19-Aug-23 08:21:10 - INFO] - initialising - Loading From PLUGIN CHANNEL !!!
[19-Aug-23 08:21:10 - INFO] - initialising - • Loaded Addon - bu !!!
[19-Aug-23 08:21:10 - INFO] - initialising - ————————————————————————————————————————————————————————————————————————————————
[19-Aug-23 08:21:10 - INFO] - initialising - ProUb Deployed Successfully Enjoy !!!
[19-Aug-23 08:21:52 - INFO] - initialising - Connected To DB Successfully !!!
[19-Aug-23 08:21:52 - INFO] - initialising - Connecting The Bot !!!
[19-Aug-23 08:21:52 - INFO] - initialising - Connected Successfully As - Pro UB (Pro_Ub_Bot) !!!
[19-Aug-23 08:21:52 - INFO] - initialising - ————————————————————————————————————————————————————————————————————————————————
[19-Aug-23 08:21:52 - INFO] - initialising - Starting To Load Modules !!!
[19-Aug-23 08:21:52 - INFO] - initialising - Loading From Plugins Path !!!
[19-Aug-23 08:21:52 - INFO] - initialising - • Loaded Official Plugin - bot !!!
[19-Aug-23 08:21:52 - INFO] - initialising - ————————————————————————————————————————————————————————————————————————————————
[19-Aug-23 08:21:52 - INFO] - initialising - Loading From PLUGIN CHANNEL !!!
[19-Aug-23 08:21:52 - INFO] - initialising - • Loaded Addon - bu !!!
[19-Aug-23 08:21:52 - INFO] - initialising - ————————————————————————————————————————————————————————————————————————————————
[19-Aug-23 08:21:52 - INFO] - initialising - ProUb Deployed Successfully Enjoy !!!
[19-Aug-23 08:25:04 - INFO] - initialising - Connected To DB Successfully !!!
[19-Aug-23 08:25:04 - INFO] - initialising - Connecting The Bot !!!
[19-Aug-23 08:25:04 - INFO] - initialising - Connected Successfully As - Pro UB (Pro_Ub_Bot) !!!
[19-Aug-23 08:25:04 - INFO] - initialising - ————————————————————————————————————————————————————————————————————————————————
[19-Aug-23 08:25:04 - INFO] - initialising - Starting To Load Modules !!!
[19-Aug-23 08:25:04 - INFO] - initialising - Loading From Plugins Path !!!
[19-Aug-23 08:25:04 - INFO] - initialising - • Loaded Official Plugin - bot !!!
[19-Aug-23 08:25:04 - INFO] - initialising - ————————————————————————————————————————————————————————————————————————————————
[19-Aug-23 08:25:04 - INFO] - initialising - Loading From PLUGIN CHANNEL !!!
[19-Aug-23 08:25:05 - INFO] - initialising - • Loaded Addon - bu !!!
[19-Aug-23 08:25:05 - INFO] - initialising - ————————————————————————————————————————————————————————————————————————————————
[19-Aug-23 08:25:05 - INFO] - initialising - ProUb Deployed Successfully Enjoy !!!
[19-Aug-23 08:25:18 - INFO] - initialising - Connected To DB Successfully !!!
[19-Aug-23 08:25:18 - INFO] - initialising - Connecting The Bot !!!
[19-Aug-23 08:25:18 - INFO] - initialising - Connected Successfully As - Pro UB (Pro_Ub_Bot) !!!
[19-Aug-23 08:25:18 - INFO] - initialising - ————————————————————————————————————————————————————————————————————————————————
[19-Aug-23 08:25:18 - INFO] - initialising - Starting To Load Modules !!!
[19-Aug-23 08:25:18 - INFO] - initialising - Loading From Plugins Path !!!
[19-Aug-23 08:25:18 - INFO] - initialising - • Loaded Official Plugin - bot !!!
[19-Aug-23 08:25:18 - INFO] - initialising - ————————————————————————————————————————————————————————————————————————————————
[19-Aug-23 08:25:18 - INFO] - initialising - Loading From PLUGIN CHANNEL !!!
[19-Aug-23 08:25:18 - INFO] - initialising - • Loaded Addon - bu !!!
[19-Aug-23 08:25:18 - INFO] - initialising - ————————————————————————————————————————————————————————————————————————————————
[19-Aug-23 08:25:18 - INFO] - initialising - ProUb Deployed Successfully Enjoy !!!
[19-Aug-23 08:29:33 - INFO] - initialising - Connected To DB Successfully !!!
[19-Aug-23 08:29:33 - INFO] - initialising - Connecting The Bot !!!
[19-Aug-23 08:29:33 - INFO] - initialising - Connected Successfully As - Pro UB (Pro_Ub_Bot) !!!
[19-Aug-23 08:29:33 - INFO] - initialising - ————————————————————————————————————————————————————————————————————————————————
[19-Aug-23 08:29:33 - INFO] - initialising - Starting To Load Modules !!!
[19-Aug-23 08:29:33 - INFO] - initialising - Loading From Plugins Path !!!
[19-Aug-23 08:29:33 - INFO] - initialising - • Loaded Official Plugin - bot !!!
[19-Aug-23 08:29:33 - INFO] - initialising - ————————————————————————————————————————————————————————————————————————————————
[19-Aug-23 08:29:33 - INFO] - initialising - Loading From PLUGIN CHANNEL !!!
[19-Aug-23 08:29:33 - INFO] - initialising - • Loaded Addon - bu !!!
[19-Aug-23 08:29:33 - INFO] - initialising - ————————————————————————————————————————————————————————————————————————————————
[19-Aug-23 08:29:33 - INFO] - initialising - ProUb Deployed Successfully Enjoy !!!
[19-Aug-23 08:31:34 - INFO] - initialising - Connected To DB Successfully !!!
[19-Aug-23 08:31:34 - INFO] - initialising - Connecting The Bot !!!
[19-Aug-23 08:31:34 - INFO] - initialising - Connected Successfully As - Pro UB (Pro_Ub_Bot) !!!
[19-Aug-23 08:31:34 - INFO] - initialising - ————————————————————————————————————————————————————————————————————————————————
[19-Aug-23 08:31:34 - INFO] - initialising - Starting To Load Modules !!!
[19-Aug-23 08:31:34 - INFO] - initialising - Loading From Plugins Path !!!
[19-Aug-23 08:31:34 - INFO] - initialising - • Loaded Official Plugin - bot !!!
[19-Aug-23 08:31:34 - INFO] - initialising - ————————————————————————————————————————————————————————————————————————————————
[19-Aug-23 08:31:34 - INFO] - initialising - Loading From PLUGIN CHANNEL !!!
[19-Aug-23 08:31:34 - INFO] - initialising - • Loaded Addon - bu !!!
[19-Aug-23 08:31:34 - INFO] - initialising - ————————————————————————————————————————————————————————————————————————————————
[19-Aug-23 08:31:34 - INFO] - initialising - ProUb Deployed Successfully Enjoy !!!
[19-Aug-23 08:32:31 - INFO] - initialising - Connected To DB Successfully !!!
[19-Aug-23 08:32:31 - INFO] - initialising - Connecting The Bot !!!
[19-Aug-23 08:32:31 - INFO] - initialising - Connected Successfully As - Pro UB (Pro_Ub_Bot) !!!
[19-Aug-23 08:32:31 - INFO] - initialising - ————————————————————————————————————————————————————————————————————————————————
[19-Aug-23 08:32:31 - INFO] - initialising - Starting To Load Modules !!!
[19-Aug-23 08:32:31 - INFO] - initialising - Loading From Plugins Path !!!
[19-Aug-23 08:32:31 - INFO] - initialising - • Loaded Official Plugin - bot !!!
[19-Aug-23 08:32:31 - INFO] - initialising - ————————————————————————————————————————————————————————————————————————————————
[19-Aug-23 08:32:31 - INFO] - initialising - Loading From PLUGIN CHANNEL !!!
[19-Aug-23 08:32:31 - INFO] - initialising - • Loaded Addon - bu !!!
[19-Aug-23 08:32:31 - INFO] - initialising - ————————————————————————————————————————————————————————————————————————————————
[19-Aug-23 08:32:31 - INFO] - initialising - ProUb Deployed Successfully Enjoy !!!
[19-Aug-23 08:33:01 - INFO] - initialising - Connected To DB Successfully !!!
[19-Aug-23 08:33:01 - INFO] - initialising - Connecting The Bot !!!
[19-Aug-23 08:33:01 - INFO] - initialising - Connected Successfully As - Pro UB (Pro_Ub_Bot) !!!
[19-Aug-23 08:33:01 - INFO] - initialising - ————————————————————————————————————————————————————————————————————————————————
[19-Aug-23 08:33:01 - INFO] - initialising - Starting To Load Modules !!!
[19-Aug-23 08:33:01 - INFO] - initialising - Loading From Plugins Path !!!
[19-Aug-23 08:33:01 - INFO] - initialising - • Loaded Official Plugin - bot !!!
[19-Aug-23 08:33:01 - INFO] - initialising - ————————————————————————————————————————————————————————————————————————————————
[19-Aug-23 08:33:01 - INFO] - initialising - Loading From PLUGIN CHANNEL !!!
[19-Aug-23 08:33:02 - INFO] - initialising - • Loaded Addon - bu !!!
[19-Aug-23 08:33:02 - INFO] - initialising - ————————————————————————————————————————————————————————————————————————————————
[19-Aug-23 08:33:02 - INFO] - initialising - ProUb Deployed Successfully Enjoy !!!
[19-Aug-23 08:34:37 - INFO] - initialising - Connected To DB Successfully !!!
[19-Aug-23 08:34:37 - INFO] - initialising - Connecting The Bot !!!
[19-Aug-23 08:34:37 - INFO] - initialising - Connected Successfully As - Pro UB (Pro_Ub_Bot) !!!
[19-Aug-23 08:34:37 - INFO] - initialising - ————————————————————————————————————————————————————————————————————————————————
[19-Aug-23 08:34:37 - INFO] - initialising - Starting To Load Modules !!!
[19-Aug-23 08:34:37 - INFO] - initialising - Loading From Plugins Path !!!
[19-Aug-23 08:34:37 - INFO] - initialising - • Loaded Official Plugin - bot !!!
[19-Aug-23 08:34:37 - INFO] - initialising - ————————————————————————————————————————————————————————————————————————————————
[19-Aug-23 08:34:37 - INFO] - initialising - Loading From PLUGIN CHANNEL !!!
[19-Aug-23 08:34:37 - INFO] - initialising - • Loaded Addon - bu !!!
[19-Aug-23 08:34:37 - INFO] - initialising - ————————————————————————————————————————————————————————————————————————————————
[19-Aug-23 08:34:37 - INFO] - initialising - ProUb Deployed Successfully Enjoy !!!
[19-Aug-23 08:35:10 - INFO] - initialising - Connected To DB Successfully !!!
[19-Aug-23 08:35:10 - INFO] - initialising - Connecting The Bot !!!
[19-Aug-23 08:35:10 - INFO] - initialising - Connected Successfully As - Pro UB (Pro_Ub_Bot) !!!
[19-Aug-23 08:35:10 - INFO] - initialising - ————————————————————————————————————————————————————————————————————————————————
[19-Aug-23 08:35:10 - INFO] - initialising - Starting To Load Modules !!!
[19-Aug-23 08:35:10 - INFO] - initialising - Loading From Plugins Path !!!
[19-Aug-23 08:35:10 - INFO] - initialising - • Loaded Official Plugin - bot !!!
[19-Aug-23 08:35:10 - INFO] - initialising - ————————————————————————————————————————————————————————————————————————————————
[19-Aug-23 08:35:10 - INFO] - initialising - Loading From PLUGIN CHANNEL !!!
[19-Aug-23 08:35:11 - INFO] - initialising - • Loaded Addon - bu !!!
[19-Aug-23 08:35:11 - INFO] - initialising - ————————————————————————————————————————————————————————————————————————————————
[19-Aug-23 08:35:11 - INFO] - initialising - ProUb Deployed Successfully Enjoy !!!
[19-Aug-23 08:36:16 - INFO] - initialising - Connected To DB Successfully !!!
[19-Aug-23 08:36:16 - INFO] - initialising - Connecting The Bot !!!
[19-Aug-23 08:36:17 - INFO] - initialising - Connected Successfully As - Pro UB (Pro_Ub_Bot) !!!
[19-Aug-23 08:36:17 - INFO] - initialising - ————————————————————————————————————————————————————————————————————————————————
[19-Aug-23 08:36:17 - INFO] - initialising - Starting To Load Modules !!!
[19-Aug-23 08:36:17 - INFO] - initialising - Loading From Plugins Path !!!
[19-Aug-23 08:36:17 - INFO] - initialising - • Loaded Official Plugin - bot !!!
[19-Aug-23 08:36:17 - INFO] - initialising - ————————————————————————————————————————————————————————————————————————————————
[19-Aug-23 08:36:17 - INFO] - initialising - Loading From PLUGIN CHANNEL !!!
[19-Aug-23 08:36:17 - INFO] - initialising - • Loaded Addon - bu !!!
[19-Aug-23 08:36:17 - INFO] - initialising - ————————————————————————————————————————————————————————————————————————————————
[19-Aug-23 08:36:17 - INFO] - initialising - ProUb Deployed Successfully Enjoy !!!
[19-Aug-23 08:37:00 - INFO] - initialising - Connected To DB Successfully !!!
[19-Aug-23 08:37:00 - INFO] - initialising - Connecting The Bot !!!
[19-Aug-23 08:37:00 - INFO] - initialising - Connected Successfully As - Pro UB (Pro_Ub_Bot) !!!
[19-Aug-23 08:37:00 - INFO] - initialising - ————————————————————————————————————————————————————————————————————————————————
[19-Aug-23 08:37:00 - INFO] - initialising - Starting To Load Modules !!!
[19-Aug-23 08:37:00 - INFO] - initialising - Loading From Plugins Path !!!
[19-Aug-23 08:37:00 - INFO] - initialising - • Loaded Official Plugin - bot !!!
[19-Aug-23 08:37:00 - INFO] - initialising - ————————————————————————————————————————————————————————————————————————————————
[19-Aug-23 08:37:00 - INFO] - initialising - Loading From PLUGIN CHANNEL !!!
[19-Aug-23 08:37:00 - INFO] - initialising - • Loaded Addon - bu !!!
[19-Aug-23 08:37:00 - INFO] - initialising - ————————————————————————————————————————————————————————————————————————————————
[19-Aug-23 08:37:00 - INFO] - initialising - ProUb Deployed Successfully Enjoy !!!
[19-Aug-23 08:52:48 - INFO] - initialising - Connected To DB Successfully !!!
[19-Aug-23 08:52:48 - INFO] - initialising - Connecting The Bot !!!
[19-Aug-23 08:52:48 - INFO] - initialising - Connected Successfully As - Pro UB (Pro_Ub_Bot) !!!
[19-Aug-23 08:52:48 - INFO] - initialising - ————————————————————————————————————————————————————————————————————————————————
[19-Aug-23 08:52:48 - INFO] - initialising - Starting To Load Modules !!!
[19-Aug-23 08:52:48 - INFO] - initialising - Loading From Plugins Path !!!
[19-Aug-23 08:52:48 - INFO] - initialising - • Loaded Official Plugin - bot !!!
[19-Aug-23 08:52:48 - INFO] - initialising - ————————————————————————————————————————————————————————————————————————————————
[19-Aug-23 08:52:48 - INFO] - initialising - Loading From PLUGIN CHANNEL !!!
[19-Aug-23 08:52:48 - INFO] - initialising - • Loaded Addon - bu !!!
[19-Aug-23 08:52:48 - INFO] - initialising - ————————————————————————————————————————————————————————————————————————————————
[19-Aug-23 08:52:48 - INFO] - initialising - ProUb Deployed Successfully Enjoy !!!
